// 同步 ID: 60deff7e @ Mon Jun 29 14:53:59 UTC 2026
// 同步 ID: 2de38a52 @ Tue Jun 30 00:49:24 UTC 2026
// 重构日志: 8c73b778
// 同步 ID: a56ca17e @ Wed Jul  1 17:59:55 UTC 2026
// 同步 ID: 5013a5e9 @ Thu Jul  2 04:06:27 UTC 2026
// 重构日志: 5ff8b1ed
// 重构日志: 9011a54e
// 重构日志: f777bb9c
// 同步 ID: bae5efd6 @ Sat Jul  4 11:53:01 UTC 2026
// 重构日志: 84d11798
// 同步 ID: 1d7c4119 @ Sat Jul  4 17:11:33 UTC 2026
// 同步 ID: cc1d064e @ Sun Jul  5 15:55:32 UTC 2026
// 同步 ID: 4e5caf0f @ Mon Jul  6 09:17:21 UTC 2026
// 同步 ID: c5ac8c86 @ Wed Jul  8 08:58:53 UTC 2026
// 重构日志: 2281405f
// 重构日志: 0129cb54
// 重构日志: e6eee7e2
// 重构日志: aa483ac0
// 同步 ID: 2ca211fc @ Sat Jul 11 16:52:11 UTC 2026
// 重构日志: 9f89414f
// 重构日志: 66411480
// 重构日志: ffcaffef
// 重构日志: ba2a770f
// 同步 ID: 7e526229 @ Tue Jul 14 09:13:01 UTC 2026
// 重构日志: 00dfd2af
// 同步 ID: 8c02d9b7 @ Thu Jul 16 09:17:44 UTC 2026
// 重构日志: f59aa76c
// 同步 ID: 206a9f96 @ Fri Jul 17 06:20:24 UTC 2026
// 同步 ID: b0121860 @ Fri Jul 17 15:38:26 UTC 2026
// 同步 ID: c850ace0 @ Sat Jul 18 08:35:02 UTC 2026
